<?xml version="1.0" encoding="UTF-8"?>
<coverage generated="1728959659219" clover="3.2.0">
  <project timestamp="1728959659219" name="All files">
    <metrics statements="15" coveredstatements="15" conditionals="12" coveredconditionals="12" methods="5" coveredmethods="5" elements="32" coveredelements="32" complexity="0" loc="15" ncloc="15" packages="1" files="1" classes="1"/>
    <file name="Aluno.js" path="D:\Cursos\CODIGOS\Aluno-js\Aluno.js">
      <metrics statements="15" coveredstatements="15" conditionals="12" coveredconditionals="12" methods="5" coveredmethods="5"/>
      <line num="3" count="37" type="stmt"/>
      <line num="4" count="37" type="stmt"/>
      <line num="8" count="36" type="stmt"/>
      <line num="9" count="19" type="stmt"/>
      <line num="11" count="19" type="cond" truecount="2" falsecount="0"/>
      <line num="12" count="18" type="stmt"/>
      <line num="17" count="14" type="stmt"/>
      <line num="19" count="14" type="cond" truecount="2" falsecount="0"/>
      <line num="20" count="12" type="cond" truecount="2" falsecount="0"/>
      <line num="21" count="10" type="cond" truecount="2" falsecount="0"/>
      <line num="22" count="5" type="stmt"/>
      <line num="26" count="8" type="stmt"/>
      <line num="28" count="8" type="cond" truecount="4" falsecount="0"/>
      <line num="29" count="3" type="stmt"/>
      <line num="33" count="1" type="stmt"/>
    </file>
  </project>
</coverage>
