{"D:\\Cursos\\CODIGOS\\Aluno-js\\Aluno.js": {"path":"D:\\Cursos\\CODIGOS\\Aluno-js\\Aluno.js","statementMap":{"0":{"start":{"line":3,"column":8},"end":{"line":3,"column":25}},"1":{"start":{"line":4,"column":8},"end":{"line":4,"column":27}},"2":{"start":{"line":8,"column":21},"end":{"line":8,"column":66}},"3":{"start":{"line":8,"column":53},"end":{"line":8,"column":63}},"4":{"start":{"line":9,"column":19},"end":{"line":9,"column":43}},"5":{"start":{"line":11,"column":8},"end":{"line":11,"column":76}},"6":{"start":{"line":11,"column":24},"end":{"line":11,"column":76}},"7":{"start":{"line":12,"column":8},"end":{"line":12,"column":20}},"8":{"start":{"line":17,"column":22},"end":{"line":17,"column":42}},"9":{"start":{"line":19,"column":8},"end":{"line":19,"column":35}},"10":{"start":{"line":19,"column":23},"end":{"line":19,"column":35}},"11":{"start":{"line":20,"column":8},"end":{"line":20,"column":35}},"12":{"start":{"line":20,"column":23},"end":{"line":20,"column":35}},"13":{"start":{"line":21,"column":8},"end":{"line":21,"column":35}},"14":{"start":{"line":21,"column":23},"end":{"line":21,"column":35}},"15":{"start":{"line":22,"column":8},"end":{"line":22,"column":20}},"16":{"start":{"line":26,"column":22},"end":{"line":26,"column":40}},"17":{"start":{"line":28,"column":8},"end":{"line":28,"column":63}},"18":{"start":{"line":28,"column":45},"end":{"line":28,"column":63}},"19":{"start":{"line":29,"column":8},"end":{"line":29,"column":26}},"20":{"start":{"line":33,"column":0},"end":{"line":33,"column":23}}},"fnMap":{"0":{"name":"(anonymous_0)","decl":{"start":{"line":2,"column":4},"end":{"line":2,"column":5}},"loc":{"start":{"line":2,"column":27},"end":{"line":5,"column":5}},"line":2},"1":{"name":"(anonymous_1)","decl":{"start":{"line":7,"column":4},"end":{"line":7,"column":5}},"loc":{"start":{"line":7,"column":19},"end":{"line":14,"column":5}},"line":7},"2":{"name":"(anonymous_2)","decl":{"start":{"line":8,"column":39},"end":{"line":8,"column":40}},"loc":{"start":{"line":8,"column":53},"end":{"line":8,"column":63}},"line":8},"3":{"name":"(anonymous_3)","decl":{"start":{"line":16,"column":4},"end":{"line":16,"column":5}},"loc":{"start":{"line":16,"column":17},"end":{"line":23,"column":5}},"line":16},"4":{"name":"(anonymous_4)","decl":{"start":{"line":25,"column":4},"end":{"line":25,"column":5}},"loc":{"start":{"line":25,"column":21},"end":{"line":30,"column":5}},"line":25}},"branchMap":{"0":{"loc":{"start":{"line":11,"column":8},"end":{"line":11,"column":76}},"type":"if","locations":[{"start":{"line":11,"column":8},"end":{"line":11,"column":76}},{"start":{},"end":{}}],"line":11},"1":{"loc":{"start":{"line":19,"column":8},"end":{"line":19,"column":35}},"type":"if","locations":[{"start":{"line":19,"column":8},"end":{"line":19,"column":35}},{"start":{},"end":{}}],"line":19},"2":{"loc":{"start":{"line":20,"column":8},"end":{"line":20,"column":35}},"type":"if","locations":[{"start":{"line":20,"column":8},"end":{"line":20,"column":35}},{"start":{},"end":{}}],"line":20},"3":{"loc":{"start":{"line":21,"column":8},"end":{"line":21,"column":35}},"type":"if","locations":[{"start":{"line":21,"column":8},"end":{"line":21,"column":35}},{"start":{},"end":{}}],"line":21},"4":{"loc":{"start":{"line":28,"column":8},"end":{"line":28,"column":63}},"type":"if","locations":[{"start":{"line":28,"column":8},"end":{"line":28,"column":63}},{"start":{},"end":{}}],"line":28},"5":{"loc":{"start":{"line":28,"column":12},"end":{"line":28,"column":44}},"type":"binary-expr","locations":[{"start":{"line":28,"column":12},"end":{"line":28,"column":26}},{"start":{"line":28,"column":30},"end":{"line":28,"column":44}}],"line":28}},"s":{"0":37,"1":37,"2":19,"3":36,"4":19,"5":19,"6":1,"7":18,"8":14,"9":14,"10":2,"11":12,"12":2,"13":10,"14":5,"15":5,"16":8,"17":8,"18":5,"19":3,"20":1},"f":{"0":37,"1":19,"2":36,"3":14,"4":8},"b":{"0":[1,18],"1":[2,12],"2":[2,10],"3":[5,5],"4":[5,3],"5":[8,5]},"_coverageSchema":"1a1c01bbd47fc00a2c39e90264f33305004495a9","hash":"279065d630c3c8bf1dd31190584b35a9e95ec78b"}
}
