TN:
SF:Aluno.js
FN:2,(anonymous_0)
FN:7,(anonymous_1)
FN:8,(anonymous_2)
FN:16,(anonymous_3)
FN:25,(anonymous_4)
FNF:5
FNH:5
FNDA:37,(anonymous_0)
FNDA:19,(anonymous_1)
FNDA:36,(anonymous_2)
FNDA:14,(anonymous_3)
FNDA:8,(anonymous_4)
DA:3,37
DA:4,37
DA:8,36
DA:9,19
DA:11,19
DA:12,18
DA:17,14
DA:19,14
DA:20,12
DA:21,10
DA:22,5
DA:26,8
DA:28,8
DA:29,3
DA:33,1
LF:15
LH:15
BRDA:11,0,0,1
BRDA:11,0,1,18
BRDA:19,1,0,2
BRDA:19,1,1,12
BRDA:20,2,0,2
BRDA:20,2,1,10
BRDA:21,3,0,5
BRDA:21,3,1,5
BRDA:28,4,0,5
BRDA:28,4,1,3
BRDA:28,5,0,8
BRDA:28,5,1,5
BRF:12
BRH:12
end_of_record
